<?xml version="1.0" encoding="UTF-8"?>
<robot generator="Robot 4.1.3 (Python 3.10.2 on win32)" generated="20220621 11:50:44.335" rpa="false" schemaversion="2">
<suite id="s1" name="Testcases" source="C:\Users\bpsharma\PycharmProjects\Insight_Review\Testcases">
<suite id="s1-s1" name="APITESTING" source="C:\Users\bpsharma\PycharmProjects\Insight_Review\Testcases\APITESTING">
<suite id="s1-s1-s1" name="FetchToken" source="C:\Users\bpsharma\PycharmProjects\Insight_Review\Testcases\APITESTING\FetchToken.robot">
<test id="s1-s1-s1-t1" name="Geneareta the token using authenticate so that Request chaining can be used">
<kw name="Create Dictionary" library="BuiltIn">
<var>&amp;{REQ_data}</var>
<arg>Email=jkshah@analytix.com</arg>
<arg>Password=Analytix@123</arg>
<arg>IssSelfOnBoard=false</arg>
<doc>Creates and returns a dictionary based on the given ``items``.</doc>
<msg timestamp="20220621 11:50:44.900" level="INFO">&amp;{REQ_data} = { Email=jkshah@analytix.com | Password=Analytix@123 | IssSelfOnBoard=false }</msg>
<status status="PASS" starttime="20220621 11:50:44.899" endtime="20220621 11:50:44.900"/>
</kw>
<kw name="POST" library="RequestsLibrary">
<var>${Res}</var>
<arg>${BaseURL}/api/Authentication/Authenticate</arg>
<arg>json=${REQ_data}</arg>
<doc>Sends a POST request.</doc>
<msg timestamp="20220621 11:50:48.776" level="INFO">POST Request : url=https://insightreviewapi.aixsol.com/api/Authentication/Authenticate 
 path_url=/api/Authentication/Authenticate 
 headers={'User-Agent': 'python-requests/2.27.1', 'Accept-Encoding': 'gzip, deflate', 'Accept': '*/*', 'Connection': 'keep-alive', 'Content-Length': '87', 'Content-Type': 'application/json'} 
 body=b'{"Email": "jkshah@analytix.com", "Password": "Analytix@123", "IssSelfOnBoard": "false"}' 
 </msg>
<msg timestamp="20220621 11:50:48.777" level="INFO">POST Response : url=https://insightreviewapi.aixsol.com/api/Authentication/Authenticate 
 status=200, reason=OK 
 headers={'Content-Length': '948', 'Content-Type': 'application/json; charset=utf-8', 'Content-Encoding': 'gzip', 'Vary': 'Accept-Encoding', 'Request-Context': 'appId=cid-v1:8a8873f9-ba5c-4444-bf58-70c2fb770677', 'Strict-Transport-Security': 'max-age=2592000', 'X-Powered-By': 'ASP.NET', 'X-Cache': 'CONFIG_NOCACHE', 'X-Azure-Ref': '0PWOxYgAAAAAYCMF6y7oMSKYtFAunvwBzQk9NMDJFREdFMDgwOAAxMmFiMzUxZS1iYjQ4LTQwM2YtODJjYy1lMzcyMjM3OTdiNDQ=', 'Date': 'Tue, 21 Jun 2022 06:20:47 GMT'} 
 body={"responseModel":{"strEnumUserGroup":"EnumUserGroup.enumUserGroupAixIndia","strEnumRole":"EnumRole.enumIndiaManager","strEmailAddress":"development@devits.aixsol.com","strFirstName":"Jinesh Shah","strLastName":"","strLoginDisplayName":"Jinesh Shah","strLoginAccountname":"jkshah","strMiddleInitial":"K","iPartnerInfoId":1,"strPortalUserName":"jkshah@analytix.com","iUserInfoId":51367,"isClientAdded":false,"access_token":"eyJhbGciOiJIUzI1NiIsInR5cCI6IkpXVCJ9.eyJVc2VySWQiOiI1MTM2NyIsIlVzZXJOYW1lIjoiSmluZXNoIFNoYWgiLCJVc2VyUm9sZSI6IkVudW1Sb2xlLmVudW1JbmRpYU1hbmFnZXIiLCJVc2VyRW1haWwiOiJkZXZlbG9wbWVudEBkZXZpdHMuYWl4c29sLmNvbSIsIm5iZiI6MTY1NTc5MjQ0OCwiZXhwIjoxNjU1ODAzMjQ4LCJpYXQiOjE2NTU3OTI0NDgsImlzcyI6IkFuYWx5dGl4SW5zaWdodFJldmlld0FwcFN0YWdpbmcifQ.Tcm1gggfpc0og_u1XkN75FPo-tk7qIgcwO6fyXjOu7I","refresh_token":"2b5b03c8-1c45-4788-9ffe-0a51d1bced7c","userRole":"EnumRole.enumIndiaManager","userName":"Jinesh Shah","userId":51367,"strReporter":"Arpit R. Kalariya","strTeamName":"EnumTeamName.enumSports","strJobTitle":"EnumJobTitle.enumAccountsManager","strFullName":null,"strTeamManager":null},"isSuccess":true,"isExceptionOccured":false,"status":"Success","errorCode":0,"statusCode":200,"message":null,"error":null} 
 </msg>
<msg timestamp="20220621 11:50:48.777" level="INFO">${Res} = &lt;Response [200]&gt;</msg>
<status status="PASS" starttime="20220621 11:50:44.900" endtime="20220621 11:50:48.777"/>
</kw>
<kw name="Log" library="BuiltIn">
<arg>${Res.json()}</arg>
<doc>Logs the given message with the given level.</doc>
<msg timestamp="20220621 11:50:48.778" level="INFO">{'responseModel': {'strEnumUserGroup': 'EnumUserGroup.enumUserGroupAixIndia', 'strEnumRole': 'EnumRole.enumIndiaManager', 'strEmailAddress': 'development@devits.aixsol.com', 'strFirstName': 'Jinesh Shah', 'strLastName': '', 'strLoginDisplayName': 'Jinesh Shah', 'strLoginAccountname': 'jkshah', 'strMiddleInitial': 'K', 'iPartnerInfoId': 1, 'strPortalUserName': 'jkshah@analytix.com', 'iUserInfoId': 51367, 'isClientAdded': False, 'access_token': 'eyJhbGciOiJIUzI1NiIsInR5cCI6IkpXVCJ9.eyJVc2VySWQiOiI1MTM2NyIsIlVzZXJOYW1lIjoiSmluZXNoIFNoYWgiLCJVc2VyUm9sZSI6IkVudW1Sb2xlLmVudW1JbmRpYU1hbmFnZXIiLCJVc2VyRW1haWwiOiJkZXZlbG9wbWVudEBkZXZpdHMuYWl4c29sLmNvbSIsIm5iZiI6MTY1NTc5MjQ0OCwiZXhwIjoxNjU1ODAzMjQ4LCJpYXQiOjE2NTU3OTI0NDgsImlzcyI6IkFuYWx5dGl4SW5zaWdodFJldmlld0FwcFN0YWdpbmcifQ.Tcm1gggfpc0og_u1XkN75FPo-tk7qIgcwO6fyXjOu7I', 'refresh_token': '2b5b03c8-1c45-4788-9ffe-0a51d1bced7c', 'userRole': 'EnumRole.enumIndiaManager', 'userName': 'Jinesh Shah', 'userId': 51367, 'strReporter': 'Arpit R. Kalariya', 'strTeamName': 'EnumTeamName.enumSports', 'strJobTitle': 'EnumJobTitle.enumAccountsManager', 'strFullName': None, 'strTeamManager': None}, 'isSuccess': True, 'isExceptionOccured': False, 'status': 'Success', 'errorCode': 0, 'statusCode': 200, 'message': None, 'error': None}</msg>
<status status="PASS" starttime="20220621 11:50:48.777" endtime="20220621 11:50:48.778"/>
</kw>
<kw name="Get Value From Json" library="JSONLibrary">
<var>${token}</var>
<arg>${Res.json()}</arg>
<arg>$.responseModel.access_token</arg>
<doc>Get Value From JSON using JSONPath</doc>
<msg timestamp="20220621 11:50:48.823" level="INFO">${token} = ['eyJhbGciOiJIUzI1NiIsInR5cCI6IkpXVCJ9.eyJVc2VySWQiOiI1MTM2NyIsIlVzZXJOYW1lIjoiSmluZXNoIFNoYWgiLCJVc2VyUm9sZSI6IkVudW1Sb2xlLmVudW1JbmRpYU1hbmFnZXIiLCJVc2VyRW1haWwiOiJkZXZlbG9wbWVudEBkZXZpdHMuYWl4c29sL...</msg>
<status status="PASS" starttime="20220621 11:50:48.779" endtime="20220621 11:50:48.823"/>
</kw>
<kw name="Evaluate" library="BuiltIn">
<var>${convertListToString}</var>
<arg>"".join(${token})</arg>
<doc>Evaluates the given expression in Python and returns the result.</doc>
<msg timestamp="20220621 11:50:48.823" level="INFO">${convertListToString} = eyJhbGciOiJIUzI1NiIsInR5cCI6IkpXVCJ9.eyJVc2VySWQiOiI1MTM2NyIsIlVzZXJOYW1lIjoiSmluZXNoIFNoYWgiLCJVc2VyUm9sZSI6IkVudW1Sb2xlLmVudW1JbmRpYU1hbmFnZXIiLCJVc2VyRW1haWwiOiJkZXZlbG9wbWVudEBkZXZpdHMuYWl4c29sLmN...</msg>
<status status="PASS" starttime="20220621 11:50:48.823" endtime="20220621 11:50:48.823"/>
</kw>
<kw name="Catenate" library="BuiltIn">
<var>${test6}</var>
<arg>${BEARER}</arg>
<arg>${convertListToString}</arg>
<doc>Catenates the given items together and returns the resulted string.</doc>
<msg timestamp="20220621 11:50:48.824" level="INFO">${test6} = Bearer eyJhbGciOiJIUzI1NiIsInR5cCI6IkpXVCJ9.eyJVc2VySWQiOiI1MTM2NyIsIlVzZXJOYW1lIjoiSmluZXNoIFNoYWgiLCJVc2VyUm9sZSI6IkVudW1Sb2xlLmVudW1JbmRpYU1hbmFnZXIiLCJVc2VyRW1haWwiOiJkZXZlbG9wbWVudEBkZXZpdHMuYWl4...</msg>
<status status="PASS" starttime="20220621 11:50:48.823" endtime="20220621 11:50:48.824"/>
</kw>
<kw name="Log" library="BuiltIn">
<arg>${test6}</arg>
<doc>Logs the given message with the given level.</doc>
<msg timestamp="20220621 11:50:48.824" level="INFO">Bearer eyJhbGciOiJIUzI1NiIsInR5cCI6IkpXVCJ9.eyJVc2VySWQiOiI1MTM2NyIsIlVzZXJOYW1lIjoiSmluZXNoIFNoYWgiLCJVc2VyUm9sZSI6IkVudW1Sb2xlLmVudW1JbmRpYU1hbmFnZXIiLCJVc2VyRW1haWwiOiJkZXZlbG9wbWVudEBkZXZpdHMuYWl4c29sLmNvbSIsIm5iZiI6MTY1NTc5MjQ0OCwiZXhwIjoxNjU1ODAzMjQ4LCJpYXQiOjE2NTU3OTI0NDgsImlzcyI6IkFuYWx5dGl4SW5zaWdodFJldmlld0FwcFN0YWdpbmcifQ.Tcm1gggfpc0og_u1XkN75FPo-tk7qIgcwO6fyXjOu7I</msg>
<status status="PASS" starttime="20220621 11:50:48.824" endtime="20220621 11:50:48.824"/>
</kw>
<kw name="Set Global Variable" library="BuiltIn">
<arg>${test6}</arg>
<doc>Makes a variable available globally in all tests and suites.</doc>
<msg timestamp="20220621 11:50:48.824" level="INFO">${test6} = Bearer eyJhbGciOiJIUzI1NiIsInR5cCI6IkpXVCJ9.eyJVc2VySWQiOiI1MTM2NyIsIlVzZXJOYW1lIjoiSmluZXNoIFNoYWgiLCJVc2VyUm9sZSI6IkVudW1Sb2xlLmVudW1JbmRpYU1hbmFnZXIiLCJVc2VyRW1haWwiOiJkZXZlbG9wbWVudEBkZXZpdHMuYWl4...</msg>
<status status="PASS" starttime="20220621 11:50:48.824" endtime="20220621 11:50:48.824"/>
</kw>
<status status="PASS" starttime="20220621 11:50:44.899" endtime="20220621 11:50:48.825"/>
</test>
<test id="s1-s1-s1-t2" name="Transaction To be classified Report API Health check for response code &amp; Success">
<kw name="Create Dictionary" library="BuiltIn">
<var>&amp;{headers}</var>
<arg>Authorization=${test6}</arg>
<arg>customdata=${cdata}</arg>
<doc>Creates and returns a dictionary based on the given ``items``.</doc>
<msg timestamp="20220621 11:50:48.826" level="INFO">&amp;{headers} = { Authorization=Bearer eyJhbGciOiJIUzI1NiIsInR5cCI6IkpXVCJ9.eyJVc2VySWQiOiI1MTM2NyIsIlVzZXJOYW1lIjoiSmluZXNoIFNoYWgiLCJVc2VyUm9sZSI6IkVudW1Sb2xlLmVudW1JbmRpYU1hbmFnZXIiLCJVc2VyRW1haWwiOiJkZXZlbG9wbWVu...</msg>
<status status="PASS" starttime="20220621 11:50:48.825" endtime="20220621 11:50:48.826"/>
</kw>
<kw name="GET" library="RequestsLibrary">
<var>${TBD}</var>
<arg>${BaseURL}/api/insightReview/report/transaction/transactionTobeClassified/list</arg>
<arg>params=${parameters}</arg>
<arg>headers=${headers}</arg>
<doc>Sends a GET request.</doc>
<msg timestamp="20220621 11:50:50.204" level="INFO">GET Request : url=https://insightreviewapi.aixsol.com/api/insightReview/report/transaction/transactionTobeClassified/list?startDate=2022-01-01&amp;endDate=2022-05-30&amp;strselectedDisplayTransactionStataus=0&amp;iReportAssignmentId=0 
 path_url=/api/insightReview/report/transaction/transactionTobeClassified/list?startDate=2022-01-01&amp;endDate=2022-05-30&amp;strselectedDisplayTransactionStataus=0&amp;iReportAssignmentId=0 
 headers={'User-Agent': 'python-requests/2.27.1', 'Accept-Encoding': 'gzip, deflate', 'Accept': '*/*', 'Connection': 'keep-alive', 'Authorization': 'Bearer eyJhbGciOiJIUzI1NiIsInR5cCI6IkpXVCJ9.eyJVc2VySWQiOiI1MTM2NyIsIlVzZXJOYW1lIjoiSmluZXNoIFNoYWgiLCJVc2VyUm9sZSI6IkVudW1Sb2xlLmVudW1JbmRpYU1hbmFnZXIiLCJVc2VyRW1haWwiOiJkZXZlbG9wbWVudEBkZXZpdHMuYWl4c29sLmNvbSIsIm5iZiI6MTY1NTc5MjQ0OCwiZXhwIjoxNjU1ODAzMjQ4LCJpYXQiOjE2NTU3OTI0NDgsImlzcyI6IkFuYWx5dGl4SW5zaWdodFJldmlld0FwcFN0YWdpbmcifQ.Tcm1gggfpc0og_u1XkN75FPo-tk7qIgcwO6fyXjOu7I', 'customdata': '{"iEntityInfoId":3721,"iPartnerInfoId":1,"strCompanyNameId":"GEN_AIX_ANA_610666","strCompanyName":"Analytix Business Solutions (India)","strEntityDisplayName":"Analytix Business Solutions - India","strCompanyNameId_AIX":"-","strAccountSystem":"QuickBooks Online"}'} 
 body=None 
 </msg>
<msg timestamp="20220621 11:50:50.205" level="INFO">GET Response : url=https://insightreviewapi.aixsol.com/api/insightReview/report/transaction/transactionTobeClassified/list?startDate=2022-01-01&amp;endDate=2022-05-30&amp;strselectedDisplayTransactionStataus=0&amp;iReportAssignmentId=0 
 status=200, reason=OK 
 headers={'Content-Length': '268', 'Content-Type': 'application/json; charset=utf-8', 'Content-Encoding': 'gzip', 'Vary': 'Accept-Encoding', 'Request-Context': 'appId=cid-v1:8a8873f9-ba5c-4444-bf58-70c2fb770677', 'Strict-Transport-Security': 'max-age=2592000', 'X-Powered-By': 'ASP.NET', 'X-Cache': 'CONFIG_NOCACHE', 'X-Azure-Ref': '0QGOxYgAAAADYInuQqCMIR7gHhTlAR94VQk9NMDJFREdFMDkxNgAxMmFiMzUxZS1iYjQ4LTQwM2YtODJjYy1lMzcyMjM3OTdiNDQ=', 'Date': 'Tue, 21 Jun 2022 06:20:49 GMT'} 
 body={"responseModel":[],"isSuccess":false,"isExceptionOccured":false,"status":"Success","errorCode":0,"statusCode":200,"message":"Please map Accounts from the global rule configuration to get the data","error":null} 
 </msg>
<msg timestamp="20220621 11:50:50.205" level="INFO">${TBD} = &lt;Response [200]&gt;</msg>
<status status="PASS" starttime="20220621 11:50:48.826" endtime="20220621 11:50:50.205"/>
</kw>
<kw name="Log" library="BuiltIn">
<arg>${TBD.json()}</arg>
<doc>Logs the given message with the given level.</doc>
<msg timestamp="20220621 11:50:50.206" level="INFO">{'responseModel': [], 'isSuccess': False, 'isExceptionOccured': False, 'status': 'Success', 'errorCode': 0, 'statusCode': 200, 'message': 'Please map Accounts from the global rule configuration to get the data', 'error': None}</msg>
<status status="PASS" starttime="20220621 11:50:50.205" endtime="20220621 11:50:50.206"/>
</kw>
<kw name="Get From Dictionary" library="Collections">
<var>${TBD_success}</var>
<arg>${TBD.json()}</arg>
<arg>isSuccess</arg>
<doc>Returns a value from the given ``dictionary`` based on the given ``key``.</doc>
<msg timestamp="20220621 11:50:50.207" level="INFO">${TBD_success} = False</msg>
<status status="PASS" starttime="20220621 11:50:50.207" endtime="20220621 11:50:50.208"/>
</kw>
<kw name="Should Be Equal As Strings" library="BuiltIn">
<arg>True</arg>
<arg>${TBD_success}</arg>
<doc>Fails if objects are unequal after converting them to strings.</doc>
<msg timestamp="20220621 11:50:50.208" level="INFO">Argument types are:
&lt;type 'unicode'&gt;
&lt;class 'bool'&gt;</msg>
<msg timestamp="20220621 11:50:50.209" level="FAIL">True != False</msg>
<status status="FAIL" starttime="20220621 11:50:50.208" endtime="20220621 11:50:50.209"/>
</kw>
<kw name="Get From Dictionary" library="Collections">
<var>${TBD_code}</var>
<arg>${TBD.json()}</arg>
<arg>statusCode</arg>
<doc>Returns a value from the given ``dictionary`` based on the given ``key``.</doc>
<status status="NOT RUN" starttime="20220621 11:50:50.209" endtime="20220621 11:50:50.209"/>
</kw>
<kw name="Status Should Be" library="RequestsLibrary">
<arg>200</arg>
<arg>${TBD}</arg>
<doc>Fails if response status code is different than the expected.</doc>
<status status="NOT RUN" starttime="20220621 11:50:50.209" endtime="20220621 11:50:50.209"/>
</kw>
<status status="FAIL" starttime="20220621 11:50:48.825" endtime="20220621 11:50:50.210">True != False</status>
</test>
<test id="s1-s1-s1-t3" name="TRansaction Without Class Report API Health check for response code &amp; Success">
<kw name="Create Dictionary" library="BuiltIn">
<var>&amp;{headers}</var>
<arg>Authorization=${test6}</arg>
<arg>customdata=${cdata}</arg>
<doc>Creates and returns a dictionary based on the given ``items``.</doc>
<msg timestamp="20220621 11:50:50.212" level="INFO">&amp;{headers} = { Authorization=Bearer eyJhbGciOiJIUzI1NiIsInR5cCI6IkpXVCJ9.eyJVc2VySWQiOiI1MTM2NyIsIlVzZXJOYW1lIjoiSmluZXNoIFNoYWgiLCJVc2VyUm9sZSI6IkVudW1Sb2xlLmVudW1JbmRpYU1hbmFnZXIiLCJVc2VyRW1haWwiOiJkZXZlbG9wbWVu...</msg>
<status status="PASS" starttime="20220621 11:50:50.211" endtime="20220621 11:50:50.212"/>
</kw>
<kw name="GET" library="RequestsLibrary">
<var>${WithoutClass}</var>
<arg>${BaseURL}/api/insightReview/report/transaction/withoutClass/list</arg>
<arg>params=${parameters}</arg>
<arg>headers=${headers}</arg>
<doc>Sends a GET request.</doc>
<msg timestamp="20220621 11:50:51.278" level="INFO">GET Request : url=https://insightreviewapi.aixsol.com/api/insightReview/report/transaction/withoutClass/list?startDate=2022-01-01&amp;endDate=2022-05-30&amp;strselectedDisplayTransactionStataus=0&amp;iReportAssignmentId=0 
 path_url=/api/insightReview/report/transaction/withoutClass/list?startDate=2022-01-01&amp;endDate=2022-05-30&amp;strselectedDisplayTransactionStataus=0&amp;iReportAssignmentId=0 
 headers={'User-Agent': 'python-requests/2.27.1', 'Accept-Encoding': 'gzip, deflate', 'Accept': '*/*', 'Connection': 'keep-alive', 'Authorization': 'Bearer eyJhbGciOiJIUzI1NiIsInR5cCI6IkpXVCJ9.eyJVc2VySWQiOiI1MTM2NyIsIlVzZXJOYW1lIjoiSmluZXNoIFNoYWgiLCJVc2VyUm9sZSI6IkVudW1Sb2xlLmVudW1JbmRpYU1hbmFnZXIiLCJVc2VyRW1haWwiOiJkZXZlbG9wbWVudEBkZXZpdHMuYWl4c29sLmNvbSIsIm5iZiI6MTY1NTc5MjQ0OCwiZXhwIjoxNjU1ODAzMjQ4LCJpYXQiOjE2NTU3OTI0NDgsImlzcyI6IkFuYWx5dGl4SW5zaWdodFJldmlld0FwcFN0YWdpbmcifQ.Tcm1gggfpc0og_u1XkN75FPo-tk7qIgcwO6fyXjOu7I', 'customdata': '{"iEntityInfoId":3721,"iPartnerInfoId":1,"strCompanyNameId":"GEN_AIX_ANA_610666","strCompanyName":"Analytix Business Solutions (India)","strEntityDisplayName":"Analytix Business Solutions - India","strCompanyNameId_AIX":"-","strAccountSystem":"QuickBooks Online"}'} 
 body=None 
 </msg>
<msg timestamp="20220621 11:50:51.279" level="INFO">GET Response : url=https://insightreviewapi.aixsol.com/api/insightReview/report/transaction/withoutClass/list?startDate=2022-01-01&amp;endDate=2022-05-30&amp;strselectedDisplayTransactionStataus=0&amp;iReportAssignmentId=0 
 status=200, reason=OK 
 headers={'Transfer-Encoding': 'chunked', 'Content-Type': 'application/json; charset=utf-8', 'Content-Encoding': 'gzip', 'Vary': 'Accept-Encoding', 'Request-Context': 'appId=cid-v1:8a8873f9-ba5c-4444-bf58-70c2fb770677', 'Strict-Transport-Security': 'max-age=2592000', 'X-Powered-By': 'ASP.NET', 'X-Cache': 'CONFIG_NOCACHE', 'X-Azure-Ref': '0QmOxYgAAAADah1XxN33vRbf5wQSg9LfkQk9NMDJFREdFMDkxNgAxMmFiMzUxZS1iYjQ4LTQwM2YtODJjYy1lMzcyMjM3OTdiNDQ=', 'Date': 'Tue, 21 Jun 2022 06:20:50 GMT'} 
 body={"responseModel":[{"category":null,"pastDue":0,"daysPastDue":null,"columnIndex":0,"txnStatus":58,"masterTxnStatusId":1,"reportStatusId":0,"isTxnStatus":true,"smallAmount":0.0,"transactionalMonthCount":0,"transactionalMonthAmount":0,"transactionalMonth":0,"accountId":"","accountName":"","date":"01/01/2022","dateTimeTxnDate":"2022-01-01T00:00:00+00:00","transactionType":"Journal Entry","transactionTypeId":"33623","name":"","nameId":"","num":"Prep 01/22","posting":null,"memo":"","splitAccount":"","splitAccountId":"","split":"","splitId":"","amount":0.0,"balance":0.0,"accountNumber":null,"createdBy":"","createDate":null,"customerOrVendorMesssage":null,"dueDate":"","invoiceDate":null,"apPay":"","clr":"","lastModifiedBy":"","paymentMethod":null,"customer":"","customerId":"","employee":"","employeeId":"","adj":"No","arPay":"","product_Service_Name":"","lastModified":null,"qty":"","rate":"","vendor":"","vendorId":"","taxableAmount":0.0,"taxAmount":0.0,"taxName":null,"class":"","classId":"","location":"","locationId":"","debit":0.0,"credit":0.0,"isMain":false},{"category":null,"pastDue":0,"daysPastDue":null,"columnIndex":0,"txnStatus":58,"masterTxnStatusId":1,"reportStatusId":0,"isTxnStatus":true,"smallAmount":0.0,"transactionalMonthCount":0,"transactionalMonthAmount":0,"transactionalMonth":0,"accountId":"","accountName":"","date":"01/01/2022","dateTimeTxnDate":"2022-01-01T00:00:00+00:00","transactionType":"Journal Entry","transactionTypeId":"33623","name":"","nameId":"","num":"Prep 01/22","posting":null,"memo":"","splitAccount":"","splitAccountId":"","split":"","splitId":"","amount":0.0,"balance":0.0,"accountNumber":null,"createdBy":"","createDate":null,"customerOrVendorMesssage":null,"dueDate":"","invoiceDate":null,"apPay":"","clr":"","lastModifiedBy":"","paymentMethod":null,"customer":"","customerId":"","employee":"","employeeId":"","adj":"No","arPay":"","product_Service_Name":"","lastModified":null,"qty":"","rate":"","vendor":"","vendorId":"","taxableAmount":0.0,"taxAmount":0.0,"taxName":null,"class":"","classId":"","location":"","locationId":"","debit":0.0,"credit":0.0,"isMain":false},{"category":null,"pastDue":0,"daysPastDue":null,"columnIndex":0,"txnStatus":58,"masterTxnStatusId":1,"reportStatusId":0,"isTxnStatus":true,"smallAmount":0.0,"transactionalMonthCount":0,"transactionalMonthAmount":0,"transactionalMonth":0,"accountId":"","accountName":"","date":"01/01/2022","dateTimeTxnDate":"2022-01-01T00:00:00+00:00","transactionType":"Journal Entry","transactionTypeId":"33623","name":"","nameId":"","num":"Prep 01/22","posting":null,"memo":"","splitAccount":"","splitAccountId":"","split":"","splitId":"","amount":0.0,"balance":0.0,"accountNumber":null,"createdBy":"","createDate":null,"customerOrVendorMesssage":null,"dueDate":"","invoiceDate":null,"apPay":"","clr":"","lastModifiedBy":"","paymentMethod":null,"customer":"","customerId":"","employee":"","employeeId":"","adj":"No","arPay":"","product_Service_Name":"","lastModified":null,"qty":"","rate":"","vendor":"","vendorId":"","taxableAmount":0.0,"taxAmount":0.0,"taxName":null,"class":"","classId":"","location":"","locationId":"","debit":0.0,"credit":0.0,"isMain":false},{"category":null,"pastDue":0,"daysPastDue":null,"columnIndex":0,"txnStatus":58,"masterTxnStatusId":1,"reportStatusId":0,"isTxnStatus":true,"smallAmount":0.0,"transactionalMonthCount":0,"transactionalMonthAmount":0,"transactionalMonth":0,"accountId":"","accountName":"","date":"01/01/2022","dateTimeTxnDate":"2022-01-01T00:00:00+00:00","transactionType":"Journal Entry","transactionTypeId":"33623","name":"","nameId":"","num":"Prep 01/22","posting":null,"memo":"","splitAccount":"","splitAccountId":"","split":"","splitId":"","amount":0.0,"balance":0.0,"accountNumber":null,"createdBy":"","createDate":null,"customerOrVendorMesssage":null,"dueDate":"","invoiceDate":null,"apPay":"","clr":"","lastModifiedBy":"","paymentMethod":null,"customer":"","customerId":"","employee":"","employeeId":"","adj":"No","arPay":"","product_Service_Name":"","lastModified":null,"qty":"","rate":"","vendor":"","vendorId":"","taxableAmount":0.0,"taxAmount":0.0,"taxName":null,"class":"","classId":"","location":"","locationId":"","debit":0.0,"credit":0.0,"isMain":false},{"category":null,"pastDue":0,"daysPastDue":null,"columnIndex":0,"txnStatus":58,"masterTxnStatusId":1,"reportStatusId":0,"isTxnStatus":true,"smallAmount":0.0,"transactionalMonthCount":0,"transactionalMonthAmount":0,"transactionalMonth":0,"accountId":"","accountName":"","date":"01/01/2022","dateTimeTxnDate":"2022-01-01T00:00:00+00:00","transactionType":"Journal Entry","transactionTypeId":"33623","name":"","nameId":"","num":"Prep 01/22","posting":null,"memo":"","splitAccount":"","splitAccountId":"","split":"","splitId":"","amount":0.0,"balance":0.0,"accountNumber":null,"createdBy":"","createDate":null,"customerOrVendorMesssage":null,"dueDate":"","invoiceDate":null,"apPay":"","clr":"","lastModifiedBy":"","paymentMethod":null,"customer":"","customerId":"","employee":"","employeeId":"","adj":"No","arPay":"","product_Service_Name":"","lastModified":null,"qty":"","rate":"","vendor":"","vendorId":"","taxableAmount":0.0,"taxAmount":0.0,"taxName":null,"class":"","classId":"","location":"","locationId":"","debit":0.0,"credit":0.0,"isMain":false},{"category":null,"pastDue":0,"daysPastDue":null,"columnIndex":0,"txnStatus":58,"masterTxnStatusId":1,"reportStatusId":0,"isTxnStatus":true,"smallAmount":0.0,"transactionalMonthCount":0,"transactionalMonthAmount":0,"transactionalMonth":0,"accountId":"","accountName":"","date":"01/01/2022","dateTimeTxnDate":"2022-01-01T00:00:00+00:00","transactionType":"Journal Entry","transactionTypeId":"33623","name":"","nameId":"","num":"Prep 01/22","posting":null,"memo":"","splitAccount":"","splitAccountId":"","split":"","splitId":"","amount":0.0,"balance":0.0,"accountNumber":null,"createdBy":"","createDate":null,"customerOrVendorMesssage":null,"dueDate":"","invoiceDate":null,"apPay":"","clr":"","lastModifiedBy":"","paymentMethod":null,"customer":"","customerId":"","employee":"","employeeId":"","adj":"No","arPay":"","product_Service_Name":"","lastModified":null,"qty":"","rate":"","vendor":"","vendorId":"","taxableAmount":0.0,"taxAmount":0.0,"taxName":null,"class":"","classId":"","location":"","locationId":"","debit":0.0,"credit":0.0,"isMain":false},{"category":null,"pastDue":0,"daysPastDue":null,"columnIndex":0,"txnStatus":58,"masterTxnStatusId":1,"reportStatusId":0,"isTxnStatus":true,"smallAmount":0.0,"transactionalMonthCount":0,"transactionalMonthAmount":0,"transactionalMonth":0,"accountId":"","accountName":"","date":"01/01/2022","dateTimeTxnDate":"2022-01-01T00:00:00+00:00","transactionType":"Journal Entry","transactionTypeId":"33623","name":"","nameId":"","num":"Prep 01/22","posting":null,"memo":"","splitAccount":"","splitAccountId":"","split":"","splitId":"","amount":0.0,"balance":0.0,"accountNumber":null,"createdBy":"","createDate":null,"customerOrVendorMesssage":null,"dueDate":"","invoiceDate":null,"apPay":"","clr":"","lastModifiedBy":"","paymentMethod":null,"customer":"","customerId":"","employee":"","employeeId":"","adj":"No","arPay":"","product_Service_Name":"","lastModified":null,"qty":"","rate":"","vendor":"","vendorId":"","taxableAmount":0.0,"taxAmount":0.0,"taxName":null,"class":"","classId":"","location":"","locationId":"","debit":0.0,"credit":0.0,"isMain":false},{"category":null,"pastDue":0,"daysPastDue":null,"columnIndex":0,"txnStatus":0,"masterTxnStatusId":0,"reportStatusId":0,"isTxnStatus":false,"smallAmount":0.0,"transactionalMonthCount":0,"transactionalMonthAmount":0,"transactionalMonth":0,"accountId":"36","accountName":"22000 Payroll Liabilities","date":"01/02/2022","dateTimeTxnDate":"2022-01-02T00:00:00+00:00","transactionType":"Journal Entry","transactionTypeId":"33490","name":"","nameId":"","num":"PPE 010222","posting":null,"memo":"Payroll Liabilities","splitAccount":"22000 Payroll Liabilities","splitAccountId":"36","split":"22000 Payroll Liabilities","splitId":"36","amount":184.61,"balance":0.0,"accountNumber":null,"createdBy":"Import Administration","createDate":null,"customerOrVendorMesssage":null,"dueDate":"","invoiceDate":null,"apPay":"","clr":"","lastModifiedBy":"Import Administration","paymentMethod":null,"customer":"","customerId":"","employee":"","employeeId":"","adj":"No","arPay":"","product_Service_Name":"","lastModified":null,"qty":"","rate":"","vendor":"","vendorId":"","taxableAmount":184.61,"taxAmount":184.61,"taxName":null,"class":"","classId":"","location":"","locationId":"","debit":184.61,"credit":0.0,"isMain":true},{"category":null,"pastDue":0,"daysPastDue":null,"columnIndex":0,"txnStatus":0,"masterTxnStatusId":0,"reportStatusId":0,"isTxnStatus":false,"smallAmount":0.0,"transactionalMonthCount":0,"transactionalMonthAmount":0,"transactionalMonth":0,"accountId":"36","accountName":"22000 Payroll Liabilities","date":"01/02/2022","dateTimeTxnDate":"2022-01-02T00:00:00+00:00","transactionType":"Journal Entry","transactionTypeId":"33490","name":"","nameId":"","num":"PPE 010222","posting":null,"memo":"Payroll Liabilities","splitAccount":"22000 Payroll Liabilities","splitAccountId":"36","split":"22000 Payroll Liabilities","splitId":"36","amount":1338.86,"balance":0.0,"accountNumber":null,"createdBy":"","createDate":null,"customerOrVendorMesssage":null,"dueDate":"","invoiceDate":null,"apPay":"","clr":"","lastModifiedBy":"","paymentMethod":null,"customer":"","customerId":"","employee":"","employeeId":"","adj":"No","arPay":"","product_Service_Name":"","lastModified":null,"qty":"","rate":"","vendor":"","vendorId":"","taxableAmount":1338.86,"taxAmount":1338.86,"taxName":null,"class":"","classId":"","location":"","locationId":"","debit":1338.86,"credit":0.0,"isMain":false},{"category":null,"pastDue":0,"daysPastDue":null,"columnIndex":0,"txnStatus":0,"masterTxnStatusId":0,"reportStatusId":0,"isTxnStatus":false,"smallAmount":0.0,"transactionalMonthCount":0,"transactionalMonthAmount":0,"transactionalMonth":0,"accountId":"402","account... (set the log level to DEBUG or TRACE to see the full content) 
 </msg>
<msg timestamp="20220621 11:50:51.280" level="INFO">${WithoutClass} = &lt;Response [200]&gt;</msg>
<status status="PASS" starttime="20220621 11:50:50.212" endtime="20220621 11:50:51.280"/>
</kw>
<kw name="Get From Dictionary" library="Collections">
<var>${wc_success}</var>
<arg>${WithoutClass.json()}</arg>
<arg>isSuccess</arg>
<doc>Returns a value from the given ``dictionary`` based on the given ``key``.</doc>
<msg timestamp="20220621 11:50:51.287" level="INFO">${wc_success} = True</msg>
<status status="PASS" starttime="20220621 11:50:51.281" endtime="20220621 11:50:51.287"/>
</kw>
<kw name="Should Be Equal As Strings" library="BuiltIn">
<arg>True</arg>
<arg>${wc_success}</arg>
<doc>Fails if objects are unequal after converting them to strings.</doc>
<msg timestamp="20220621 11:50:51.287" level="INFO">Argument types are:
&lt;type 'unicode'&gt;
&lt;class 'bool'&gt;</msg>
<status status="PASS" starttime="20220621 11:50:51.287" endtime="20220621 11:50:51.287"/>
</kw>
<kw name="Get From Dictionary" library="Collections">
<var>${WC_code}</var>
<arg>${WithoutClass.json()}</arg>
<arg>statusCode</arg>
<doc>Returns a value from the given ``dictionary`` based on the given ``key``.</doc>
<msg timestamp="20220621 11:50:51.291" level="INFO">${WC_code} = 200</msg>
<status status="PASS" starttime="20220621 11:50:51.288" endtime="20220621 11:50:51.291"/>
</kw>
<kw name="Status Should Be" library="RequestsLibrary">
<arg>200</arg>
<doc>Fails if response status code is different than the expected.</doc>
<status status="PASS" starttime="20220621 11:50:51.291" endtime="20220621 11:50:51.292"/>
</kw>
<status status="PASS" starttime="20220621 11:50:50.210" endtime="20220621 11:50:51.292"/>
</test>
<test id="s1-s1-s1-t4" name="testcase 456">
<kw name="get report data">
<arg>${BaseURL}/api/insightReview/report/transaction/withoutClass/list</arg>
<arg>params=${parameters}</arg>
<msg timestamp="20220621 11:50:51.297" level="FAIL">No keyword with name 'get report data' found.</msg>
<status status="FAIL" starttime="20220621 11:50:51.297" endtime="20220621 11:50:51.297"/>
</kw>
<status status="FAIL" starttime="20220621 11:50:51.292" endtime="20220621 11:50:51.297">No keyword with name 'get report data' found.</status>
</test>
<doc>Test doc</doc>
<status status="FAIL" starttime="20220621 11:50:44.371" endtime="20220621 11:50:51.298"/>
</suite>
<status status="FAIL" starttime="20220621 11:50:44.369" endtime="20220621 11:50:51.300"/>
</suite>
<suite id="s1-s2" name="TC01 Client Module" source="C:\Users\bpsharma\PycharmProjects\Insight_Review\Testcases\TC01_Client_Module">
<suite id="s1-s2-s1" name="TC01 Client listing" source="C:\Users\bpsharma\PycharmProjects\Insight_Review\Testcases\TC01_Client_Module\TC01_Client_listing.robot">
<test id="s1-s2-s1-t1" name="To check when user serch any entity then it is appering &amp; it is accessible when user clicks it">
<kw name="Launch Browser" library="KD_TSTD" type="SETUP">
<arg>Chrome</arg>
<kw name="Create Webdriver" library="SeleniumLibrary">
<arg>${Browser}</arg>
<arg>executable_path=C:/Users/bpsharma/PycharmProjects/Insight_Review/Project_drivers/${Browser}</arg>
<doc>Creates an instance of Selenium WebDriver.</doc>
<msg timestamp="20220621 11:50:51.323" level="INFO">Creating an instance of the Chrome WebDriver.</msg>
<status status="PASS" starttime="20220621 11:50:51.322" endtime="20220621 11:50:53.093"/>
</kw>
<kw name="Go To" library="SeleniumLibrary">
<arg>${url}</arg>
<doc>Navigates the current browser window to the provided ``url``.</doc>
<msg timestamp="20220621 11:50:53.094" level="INFO">Opening url 'https://insightreview.aixsol.com/login'</msg>
<status status="PASS" starttime="20220621 11:50:53.093" endtime="20220621 11:51:02.673"/>
</kw>
<kw name="Maximize Browser Window" library="SeleniumLibrary">
<doc>Maximizes current browser window.</doc>
<status status="PASS" starttime="20220621 11:51:02.673" endtime="20220621 11:51:02.851"/>
</kw>
<kw name="Input Text" library="SeleniumLibrary">
<arg>${uname_textbox}</arg>
<arg>${user_name}</arg>
<doc>Types the given ``text`` into the text field identified by ``locator``.</doc>
<msg timestamp="20220621 11:51:02.852" level="INFO">Typing text 'jkshah@analytix.com' into text field 'name:Email'.</msg>
<status status="PASS" starttime="20220621 11:51:02.852" endtime="20220621 11:51:02.992"/>
</kw>
<kw name="Input Password" library="SeleniumLibrary">
<arg>${Pass_textbox}</arg>
<arg>${valid_pass}</arg>
<doc>Types the given password into the text field identified by ``locator``.</doc>
<msg timestamp="20220621 11:51:02.993" level="INFO">Typing password into text field 'name:Password'.</msg>
<msg timestamp="20220621 11:51:03.035" level="INFO">Temporally setting log level to: NONE</msg>
<msg timestamp="20220621 11:51:03.090" level="INFO">Log level changed from NONE to INFO.</msg>
<status status="PASS" starttime="20220621 11:51:02.993" endtime="20220621 11:51:03.090"/>
</kw>
<kw name="Click Button" library="SeleniumLibrary">
<arg>${Sign_in}</arg>
<doc>Clicks the button identified by ``locator``.</doc>
<msg timestamp="20220621 11:51:03.092" level="INFO">Clicking button 'class:btn'.</msg>
<status status="PASS" starttime="20220621 11:51:03.091" endtime="20220621 11:51:03.164"/>
</kw>
<kw name="Wait Until Element Is Visible" library="SeleniumLibrary">
<arg>${List_client}</arg>
<arg>${timeout}</arg>
<doc>Waits until the element ``locator`` is visible.</doc>
<status status="PASS" starttime="20220621 11:51:03.164" endtime="20220621 11:51:11.601"/>
</kw>
<status status="PASS" starttime="20220621 11:50:51.322" endtime="20220621 11:51:11.602"/>
</kw>
<kw name="Enter text in serch &amp; clcik on that entity" library="KD_client_page">
<kw name="Input Text" library="SeleniumLibrary">
<arg>${Search_box}</arg>
<arg>${serchtext}</arg>
<doc>Types the given ``text`` into the text field identified by ``locator``.</doc>
<msg timestamp="20220621 11:51:11.603" level="INFO">Typing text '101 Federal Street LLC' into text field 'css:input[name="textBoxSearch"]'.</msg>
<status status="PASS" starttime="20220621 11:51:11.603" endtime="20220621 11:51:12.276"/>
</kw>
<kw name="Click Element" library="SeleniumLibrary">
<arg>${Entity}</arg>
<doc>Click the element identified by ``locator``.</doc>
<msg timestamp="20220621 11:51:12.276" level="INFO">Clicking element 'css:a[class='entity__filter']'.</msg>
<status status="PASS" starttime="20220621 11:51:12.276" endtime="20220621 11:51:12.409"/>
</kw>
<status status="PASS" starttime="20220621 11:51:11.602" endtime="20220621 11:51:12.409"/>
</kw>
<kw name="Select entity &amp; check user land on dashboard" library="KD_client_page">
<kw name="Wait Until Element Is Visible" library="SeleniumLibrary">
<arg>${Dashboard}</arg>
<arg>${timeout}</arg>
<doc>Waits until the element ``locator`` is visible.</doc>
<status status="PASS" starttime="20220621 11:51:12.410" endtime="20220621 11:51:14.246"/>
</kw>
<kw name="Get Text" library="SeleniumLibrary">
<var>${Text_dash}</var>
<arg>${Dashboard}</arg>
<doc>Returns the text value of the element identified by ``locator``.</doc>
<msg timestamp="20220621 11:51:14.283" level="INFO">${Text_dash} = Dashboard</msg>
<status status="PASS" starttime="20220621 11:51:14.246" endtime="20220621 11:51:14.283"/>
</kw>
<kw name="Log" library="BuiltIn">
<arg>${Text_dash}</arg>
<doc>Logs the given message with the given level.</doc>
<msg timestamp="20220621 11:51:14.284" level="INFO">Dashboard</msg>
<status status="PASS" starttime="20220621 11:51:14.283" endtime="20220621 11:51:14.284"/>
</kw>
<kw name="Log" library="BuiltIn">
<arg>${Name}</arg>
<doc>Logs the given message with the given level.</doc>
<msg timestamp="20220621 11:51:14.284" level="INFO">Dashboard</msg>
<status status="PASS" starttime="20220621 11:51:14.284" endtime="20220621 11:51:14.284"/>
</kw>
<kw name="Should Be Equal" library="BuiltIn">
<arg>${Text_dash}</arg>
<arg>${Name}</arg>
<arg>STrings are not matching check the navigation flow</arg>
<arg>values=True</arg>
<doc>Fails if the given objects are unequal.</doc>
<status status="PASS" starttime="20220621 11:51:14.284" endtime="20220621 11:51:14.286"/>
</kw>
<status status="PASS" starttime="20220621 11:51:12.410" endtime="20220621 11:51:14.286"/>
</kw>
<kw name="Navigate to bookeeping review for further testing" library="KD_client_page">
<kw name="Click Element" library="SeleniumLibrary">
<arg>${Bookkeeping}</arg>
<doc>Click the element identified by ``locator``.</doc>
<msg timestamp="20220621 11:51:14.288" level="INFO">Clicking element 'css:a[routerlink='bookkeeping-review']'.</msg>
<msg timestamp="20220621 11:51:15.628" level="INFO" html="true">&lt;/td&gt;&lt;/tr&gt;&lt;tr&gt;&lt;td colspan="3"&gt;&lt;a href="selenium-screenshot-22.png"&gt;&lt;img src="selenium-screenshot-22.png" width="800px"&gt;&lt;/a&gt;</msg>
<msg timestamp="20220621 11:51:15.635" level="FAIL">ElementClickInterceptedException: Message: element click intercepted: Element &lt;a _ngcontent-rqv-c120="" routerlink="bookkeeping-review" routerlinkactive="active" href="/clients/bookkeeping-review"&gt;...&lt;/a&gt; is not clickable at point (196, 67). Other element would receive the click: &lt;div _ngcontent-rqv-c123="" id="loaderDiv" class="spinner-wrap active"&gt;...&lt;/div&gt;
  (Session info: chrome=102.0.5005.115)
Stacktrace:
Backtrace:
	Ordinal0 [0x00B1B8F3+2406643]
	Ordinal0 [0x00AAAF31+1945393]
	Ordinal0 [0x0099C748+837448]
	Ordinal0 [0x009CFA1B+1047067]
	Ordinal0 [0x009CD9F8+1038840]
	Ordinal0 [0x009CB6DB+1029851]
	Ordinal0 [0x009CA439+1025081]
	Ordinal0 [0x009C0083+983171]
	Ordinal0 [0x009E427C+1131132]
	Ordinal0 [0x009BFA64+981604]
	Ordinal0 [0x009E4494+1131668]
	Ordinal0 [0x009F4682+1197698]
	Ordinal0 [0x009E4096+1130646]
	Ordinal0 [0x009BE636+976438]
	Ordinal0 [0x009BF546+980294]
	GetHandleVerifier [0x00D89612+2498066]
	GetHandleVerifier [0x00D7C920+2445600]
	GetHandleVerifier [0x00BB4F2A+579370]
	GetHandleVerifier [0x00BB3D36+574774]
	Ordinal0 [0x00AB1C0B+1973259]
	Ordinal0 [0x00AB6688+1992328]
	Ordinal0 [0x00AB6775+1992565]
	Ordinal0 [0x00ABF8D1+2029777]
	BaseThreadInitThunk [0x7626FA29+25]
	RtlGetAppContainerNamedObjectPath [0x771F7A9E+286]
	RtlGetAppContainerNamedObjectPath [0x771F7A6E+238]
</msg>
<status status="FAIL" starttime="20220621 11:51:14.287" endtime="20220621 11:51:15.635"/>
</kw>
<kw name="Wait Until Element Is Visible" library="SeleniumLibrary">
<arg>${submitbtn}</arg>
<arg>${timeout}</arg>
<doc>Waits until the element ``locator`` is visible.</doc>
<status status="NOT RUN" starttime="20220621 11:51:15.635" endtime="20220621 11:51:15.635"/>
</kw>
<kw name="Click Button" library="SeleniumLibrary">
<arg>${submitbtn}</arg>
<doc>Clicks the button identified by ``locator``.</doc>
<status status="NOT RUN" starttime="20220621 11:51:15.635" endtime="20220621 11:51:15.636"/>
</kw>
<kw name="Sleep" library="BuiltIn">
<arg>30</arg>
<doc>Pauses the test executed for the given time.</doc>
<status status="NOT RUN" starttime="20220621 11:51:15.636" endtime="20220621 11:51:15.636"/>
</kw>
<status status="FAIL" starttime="20220621 11:51:14.287" endtime="20220621 11:51:15.636"/>
</kw>
<status status="FAIL" starttime="20220621 11:50:51.321" endtime="20220621 11:51:15.636">ElementClickInterceptedException: Message: element click intercepted: Element &lt;a _ngcontent-rqv-c120="" routerlink="bookkeeping-review" routerlinkactive="active" href="/clients/bookkeeping-review"&gt;...&lt;/a&gt; is not clickable at point (196, 67). Other element would receive the click: &lt;div _ngcontent-rqv-c123="" id="loaderDiv" class="spinner-wrap active"&gt;...&lt;/div&gt;
  (Session info: chrome=102.0.5005.115)
Stacktrace:
Backtrace:
	Ordinal0 [0x00B1B8F3+2406643]
	Ordinal0 [0x00AAAF31+1945393]
	Ordinal0 [0x0099C748+837448]
	Ordinal0 [0x009CFA1B+1047067]
	Ordinal0 [0x009CD9F8+1038840]
	Ordinal0 [0x009CB6DB+1029851]
	Ordinal0 [0x009CA439+1025081]
	Ordinal0 [0x009C0083+983171]
	Ordinal0 [0x009E427C+1131132]
	Ordinal0 [0x009BFA64+981604]
	Ordinal0 [0x009E4494+1131668]
	Ordinal0 [0x009F4682+1197698]
	Ordinal0 [0x009E4096+1130646]
	Ordinal0 [0x009BE636+976438]
	Ordinal0 [0x009BF546+980294]
	GetHandleVerifier [0x00D89612+2498066]
	GetHandleVerifier [0x00D7C920+2445600]
	GetHandleVerifier [0x00BB4F2A+579370]
	GetHandleVerifier [0x00BB3D36+574774]
	Ordinal0 [0x00AB1C0B+1973259]
	Ordinal0 [0x00AB6688+1992328]
	Ordinal0 [0x00AB6775+1992565]
	Ordinal0 [0x00ABF8D1+2029777]
	BaseThreadInitThunk [0x7626FA29+25]
	RtlGetAppContainerNamedObjectPath [0x771F7A9E+286]
	RtlGetAppContainerNamedObjectPath [0x771F7A6E+238]
</status>
</test>
<doc>Test doc</doc>
<status status="FAIL" starttime="20220621 11:50:51.303" endtime="20220621 11:51:15.637"/>
</suite>
<status status="FAIL" starttime="20220621 11:50:51.301" endtime="20220621 11:51:15.638"/>
</suite>
<suite id="s1-s3" name="TC02 Bookkeeping" source="C:\Users\bpsharma\PycharmProjects\Insight_Review\Testcases\TC02_Bookkeeping">
<suite id="s1-s3-s1" name="TC01 bookkeeping" source="C:\Users\bpsharma\PycharmProjects\Insight_Review\Testcases\TC02_Bookkeeping\TC01_bookkeeping.robot">
<test id="s1-s3-s1-t1" name="To check that user is in the Exception report page">
<kw name="Get the report name" library="KD_Bookkeeping">
<kw name="Get Text" library="SeleniumLibrary">
<var>${test}</var>
<arg>${Reportname}</arg>
<doc>Returns the text value of the element identified by ``locator``.</doc>
<msg timestamp="20220621 11:51:15.846" level="INFO" html="true">&lt;/td&gt;&lt;/tr&gt;&lt;tr&gt;&lt;td colspan="3"&gt;&lt;a href="selenium-screenshot-23.png"&gt;&lt;img src="selenium-screenshot-23.png" width="800px"&gt;&lt;/a&gt;</msg>
<msg timestamp="20220621 11:51:15.848" level="FAIL">Element with locator 'css:h1' not found.</msg>
<status status="FAIL" starttime="20220621 11:51:15.658" endtime="20220621 11:51:15.848"/>
</kw>
<kw name="Log" library="BuiltIn">
<arg>${test}</arg>
<doc>Logs the given message with the given level.</doc>
<status status="NOT RUN" starttime="20220621 11:51:15.849" endtime="20220621 11:51:15.850"/>
</kw>
<status status="FAIL" starttime="20220621 11:51:15.658" endtime="20220621 11:51:15.850"/>
</kw>
<kw name="Test Filters On Report" library="Filter">
<arg>${filtername}</arg>
<status status="NOT RUN" starttime="20220621 11:51:15.850" endtime="20220621 11:51:15.850"/>
</kw>
<status status="FAIL" starttime="20220621 11:51:15.657" endtime="20220621 11:51:15.850">Element with locator 'css:h1' not found.</status>
</test>
<doc>Test doc</doc>
<status status="FAIL" starttime="20220621 11:51:15.641" endtime="20220621 11:51:15.851"/>
</suite>
<status status="FAIL" starttime="20220621 11:51:15.638" endtime="20220621 11:51:15.853"/>
</suite>
<status status="FAIL" starttime="20220621 11:50:44.338" endtime="20220621 11:51:15.854"/>
</suite>
<statistics>
<total>
<stat pass="2" fail="4" skip="0">All Tests</stat>
</total>
<tag>
</tag>
<suite>
<stat pass="2" fail="4" skip="0" id="s1" name="Testcases">Testcases</stat>
<stat pass="2" fail="2" skip="0" id="s1-s1" name="APITESTING">Testcases.APITESTING</stat>
<stat pass="2" fail="2" skip="0" id="s1-s1-s1" name="FetchToken">Testcases.APITESTING.FetchToken</stat>
<stat pass="0" fail="1" skip="0" id="s1-s2" name="TC01 Client Module">Testcases.TC01 Client Module</stat>
<stat pass="0" fail="1" skip="0" id="s1-s2-s1" name="TC01 Client listing">Testcases.TC01 Client Module.TC01 Client listing</stat>
<stat pass="0" fail="1" skip="0" id="s1-s3" name="TC02 Bookkeeping">Testcases.TC02 Bookkeeping</stat>
<stat pass="0" fail="1" skip="0" id="s1-s3-s1" name="TC01 bookkeeping">Testcases.TC02 Bookkeeping.TC01 bookkeeping</stat>
</suite>
</statistics>
<errors>
</errors>
</robot>
